[Tue Oct 28 19:45:56 2025] Client: Unknown
Request: login|customer|Parva|parva123
Response: Login successful.


[Tue Oct 28 19:46:00 2025] Client: Unknown
Request: View Account Balance
Response: Your account balance is: 1000.00


[Tue Oct 28 19:46:21 2025] Client: Unknown
Request: Deposit Money
Response: Deposit successful.


[Tue Oct 28 19:46:32 2025] Client: Unknown
Request: View Account Balance
Response: Your account balance is: 1500.00


[Tue Oct 28 19:46:55 2025] Client: Unknown
Request: Logout or Exit
Response: Logging out...


[Tue Oct 28 19:51:29 2025] Client: Unknown
Request: login|customer|Parva|parva123
Response: Login successful.


[Tue Oct 28 19:51:30 2025] Client: Unknown
Request: View Account Balance
Response: Your account balance is: 1500.00


[Tue Oct 28 19:51:41 2025] Client: Unknown
Request: Deposit Money
Response: Deposit successful.


[Tue Oct 28 19:52:21 2025] Client: Unknown
Request: Logout or Exit
Response: Logging out...


[Tue Oct 28 19:55:22 2025] Client: Unknown
Request: login|customer|Parva|parva123
Response: Login successful.


[Tue Oct 28 19:55:24 2025] Client: Unknown
Request: View Account Balance
Response: Your account balance is: 1750.00


[Tue Oct 28 19:55:38 2025] Client: Unknown
Request: Deposit Money
Response: Deposit successful.


[Tue Oct 28 19:55:42 2025] Client: Unknown
Request: View Account Balance
Response: Your account balance is: 2000.00


[Tue Oct 28 19:55:45 2025] Client: Unknown
Request: Other Customer Menu Choice
Response: Functionality not yet implemented.


[Tue Oct 28 19:55:51 2025] Client: Unknown
Request: Other Customer Menu Choice
Response: Functionality not yet implemented.


[Tue Oct 28 19:55:53 2025] Client: Unknown
Request: Other Customer Menu Choice
Response: Functionality not yet implemented.


[Tue Oct 28 19:56:00 2025] Client: Unknown
Request: Logout or Exit
Response: Logging out...


[Wed Oct 29 15:06:14 2025] Client: Unknown
Request: login|customer|Parva|parva123
Response: Login successful.


[Wed Oct 29 15:06:20 2025] Client: Unknown
Request: View Account Balance
Response: Your account balance is: 2000.00


[Wed Oct 29 15:06:29 2025] Client: Unknown
Request: Deposit Money
Response: Deposit successful.


[Wed Oct 29 15:06:33 2025] Client: Unknown
Request: View Account Balance
Response: Your account balance is: 2250.00


[Wed Oct 29 15:06:41 2025] Client: Unknown
Request: Withdraw Money
Response: Withdrawal successful.


[Wed Oct 29 15:06:49 2025] Client: Unknown
Request: View Account Balance
Response: Your account balance is: 2000.00


[Wed Oct 29 15:06:54 2025] Client: Unknown
Request: Withdraw Money
Response: Withdrawal successful.


[Wed Oct 29 15:06:57 2025] Client: Unknown
Request: View Account Balance
Response: Your account balance is: 0.00


[Wed Oct 29 15:07:00 2025] Client: Unknown
Request: Withdraw Money
Response: Withdrawal failed: insufficient funds.


[Wed Oct 29 15:07:06 2025] Client: Unknown
Request: View Account Balance
Response: Your account balance is: 0.00


[Wed Oct 29 15:07:11 2025] Client: Unknown
Request: Deposit Money
Response: Deposit successful.


[Wed Oct 29 15:07:14 2025] Client: Unknown
Request: View Account Balance
Response: Your account balance is: 500.00


[Wed Oct 29 15:07:19 2025] Client: Unknown
Request: Withdraw Money
Response: Withdrawal successful.


[Wed Oct 29 15:07:49 2025] Client: Unknown
Request: Logout or Exit
Response: Logging out...


[Wed Oct 29 15:08:22 2025] Client: Unknown
Request: login|customer|Parva|parva123
Response: Login successful.


[Wed Oct 29 15:08:24 2025] Client: Unknown
Request: View Account Balance
Response: Your account balance is: 250.00


[Wed Oct 29 15:08:31 2025] Client: Unknown
Request: Deposit Money
Response: Deposit successful.


[Wed Oct 29 15:08:34 2025] Client: Unknown
Request: View Account Balance
Response: Your account balance is: 500.00


[Wed Oct 29 15:08:39 2025] Client: Unknown
Request: Withdraw Money
Response: Withdrawal successful.


[Wed Oct 29 15:08:41 2025] Client: Unknown
Request: View Account Balance
Response: Your account balance is: 300.00


[Wed Oct 29 15:08:46 2025] Client: Unknown
Request: Logout or Exit
Response: Logging out...


[Wed Oct 29 15:15:48 2025] Client: Unknown
Request: login|customer|Parva|parva123
Response: Login successful.


[Wed Oct 29 15:15:53 2025] Client: Unknown
Request: View Account Balance
Response: Your account balance is: 300.00


[Wed Oct 29 15:20:04 2025] Client: Unknown
Request: Deposit Money
Response: Deposit successful.


[Wed Oct 29 15:20:07 2025] Client: Unknown
Request: View Account Balance
Response: Your account balance is: 400.00


[Wed Oct 29 15:20:10 2025] Client: Unknown
Request: Logout or Exit
Response: Logging out...


[Wed Oct 29 15:21:14 2025] Client: Unknown
Request: login|customer|Parva|parva123
Response: Login successful.


[Wed Oct 29 15:21:19 2025] Client: Unknown
Request: View Account Balance
Response: Your account balance is: 400.00


[Wed Oct 29 15:21:30 2025] Client: Unknown
Request: Deposit Money
Response: Deposit successful.


[Wed Oct 29 15:21:33 2025] Client: Unknown
Request: View Account Balance
Response: Your account balance is: 600.00


[Wed Oct 29 15:21:43 2025] Client: Unknown
Request: Withdraw Money
Response: Withdrawal successful.


[Wed Oct 29 15:21:44 2025] Client: Unknown
Request: View Account Balance
Response: Your account balance is: 500.00


[Wed Oct 29 15:21:48 2025] Client: Unknown
Request: Logout or Exit
Response: Logging out...


[Wed Oct 29 15:22:46 2025] Client: Unknown
Request: login|customer|Aditya|aditya123
Response: Login successful.


[Wed Oct 29 15:22:49 2025] Client: Unknown
Request: View Account Balance
Response: Error retrieving balance.


[Wed Oct 29 15:23:38 2025] Client: Unknown
Request: View Account Balance
Response: Your account balance is: 300.00


[Wed Oct 29 15:23:48 2025] Client: Unknown
Request: Deposit Money
Response: Deposit successful.


[Wed Oct 29 15:34:10 2025] Client: Unknown
Request: login|customer|Parva|parva123
Response: Login successful.


[Wed Oct 29 15:34:12 2025] Client: Unknown
Request: View Account Balance
Response: Your account balance is: 500.00


[Wed Oct 29 15:34:26 2025] Client: Unknown
Request: Transfer Funds
Response: Transfer successful.


[Wed Oct 29 15:34:32 2025] Client: Unknown
Request: View Account Balance
Response: Your account balance is: 350.00


[Wed Oct 29 15:34:38 2025] Client: Unknown
Request: Logout or Exit
Response: Logging out...


[Wed Oct 29 15:35:45 2025] Client: Unknown
Request: login|customer|Aditya|aditya123
Response: Login successful.


[Wed Oct 29 15:35:52 2025] Client: Unknown
Request: View Account Balance
Response: Your account balance is: 650.00


[Wed Oct 29 15:36:44 2025] Client: Unknown
Request: Logout or Exit
Response: Logging out...


[Wed Oct 29 15:45:52 2025] Client: Unknown
Request: login|customer|Aditya|aditya123
Response: Login successful.


[Wed Oct 29 15:45:54 2025] Client: Unknown
Request: View Account Balance
Response: Your account balance is: 650.00


[Wed Oct 29 15:46:18 2025] Client: Unknown
Request: Apply for Loan
Response: Loan application submitted.


[Wed Oct 29 15:46:22 2025] Client: Unknown
Request: Logout or Exit
Response: Logging out...


[Wed Oct 29 15:59:12 2025] Client: Unknown
Request: login|customer|Parva|parva123
Response: Login successful.


[Wed Oct 29 15:59:15 2025] Client: Unknown
Request: View Account Balance
Response: Your account balance is: 350.00


[Wed Oct 29 15:59:21 2025] Client: Unknown
Request: Deposit Money
Response: Deposit successful.


[Wed Oct 29 15:59:25 2025] Client: Unknown
Request: View Account Balance
Response: Your account balance is: 850.00


[Wed Oct 29 15:59:37 2025] Client: Unknown
Request: Change Password
Response: Password changed successfully.


[Wed Oct 29 15:59:43 2025] Client: Unknown
Request: Logout or Exit
Response: Logging out...


[Wed Oct 29 16:00:31 2025] Client: Unknown
Request: login|customer|Parva|parmar123
Response: Login successful.


[Wed Oct 29 16:00:34 2025] Client: Unknown
Request: Logout or Exit
Response: Logging out...


[Wed Oct 29 16:10:12 2025] Client: Unknown
Request: login|customer|Parva|parmar123
Response: Login successful.


[Wed Oct 29 16:10:43 2025] Client: Unknown
Request: Add Feedback
Response: Thank you for your feedback.


[Wed Oct 29 16:11:05 2025] Client: Unknown
Request: Logout or Exit
Response: Logging out...


[Wed Oct 29 16:32:35 2025] Client: Unknown
Request: login|customer|Parva|parmar123
Response: Login successful.


[Wed Oct 29 16:32:38 2025] Client: Unknown
Request: View Transaction History
Response: No history

[Wed Oct 29 16:33:03 2025] Client: Unknown
Request: Logout or Exit
Response: Logging out...


[Wed Oct 29 16:38:01 2025] Client: Unknown
Request: login|customer|Parva|parmar123
Response: Login successful.


[Wed Oct 29 16:38:09 2025] Client: Unknown
Request: View Transaction History
Response: No history

[Wed Oct 29 16:38:22 2025] Client: Unknown
Request: Logout or Exit
Response: Logging out...


[Wed Oct 29 23:43:12 2025] Client: Unknown
Request: login|employee|Keyur|keypad1234
Response: Invalid request.


[Wed Oct 29 23:47:17 2025] Client: Unknown
Request: login|employee|Keyur|keypad1234
Response: Invalid request.


[Wed Oct 29 23:49:52 2025] Client: Unknown
Request: login|employee|Keyur|keypad1234
Response: Invalid request.


[Wed Oct 29 23:52:27 2025] Client: Unknown
Request: login|employee|Keyur|keypad1234
Response: Invalid request.


[Wed Oct 29 23:54:45 2025] Client: Unknown
Request: login|employee|Keyur|keypad1234
Response: Invalid request.


[Wed Oct 29 23:57:35 2025] Client: Unknown
Request: login|employee|Keyur|keypad1234
Response: Login successful.


[Wed Oct 29 23:57:46 2025] Client: Unknown
Request: Logout
Response: Logging out...


[Wed Oct 29 23:58:37 2025] Client: Unknown
Request: login|employee|Keyur|keypad1234
Response: Login successful.


[Wed Oct 29 23:59:52 2025] Client: Unknown
Request: Logout
Response: Logging out...


[Thu Oct 30 00:10:58 2025] Client: Unknown
Request: login|employee|Keyur|keypad1234
Response: Login successful.


[Thu Oct 30 00:18:27 2025] Client: Unknown
Request: login|employee|Keyur|keypad1234
Response: Login successful.


[Thu Oct 30 00:19:34 2025] Client: Unknown
Request: Logout
Response: Logging out...


[Thu Oct 30 00:19:49 2025] Client: Unknown
Request: login|customer|Dholu|dholu123
Response: Login successful.


[Thu Oct 30 00:19:56 2025] Client: Unknown
Request: View Account Balance
Response: Your account balance is: 0.00


[Thu Oct 30 00:20:04 2025] Client: Unknown
Request: Withdraw Money
Response: Withdrawal failed: insufficient funds.


[Thu Oct 30 00:20:10 2025] Client: Unknown
Request: Deposit Money
Response: Deposit successful.


[Thu Oct 30 00:20:13 2025] Client: Unknown
Request: View Account Balance
Response: Your account balance is: 500.00


[Thu Oct 30 00:20:19 2025] Client: Unknown
Request: Deposit Money
Response: Deposit successful.


[Thu Oct 30 00:20:20 2025] Client: Unknown
Request: View Account Balance
Response: Your account balance is: 833.00


[Thu Oct 30 00:20:25 2025] Client: Unknown
Request: Logout or Exit
Response: Logging out...


[Thu Oct 30 10:43:30 2025] Client: Unknown
Request: login|employee|Keyur|keypad1234
Response: Login successful.


[Thu Oct 30 10:45:23 2025] Client: Unknown
Request: login|employee|Keyur|keypad1234
Response: Login successful.


[Thu Oct 30 10:58:33 2025] Client: Unknown
Request: Logout
Response: Logging out...


[Thu Oct 30 11:00:14 2025] Client: Unknown
Request: login|employee|Keyur|keypad1234
Response: Login successful.


[Thu Oct 30 11:43:42 2025] Client: Unknown
Request: login|employee|Keyur|keypad1234
Response: Login successful.


[Thu Oct 30 11:46:54 2025] Client: Unknown
Request: login|employee|Keyur|keypad1234
Response: Login successful.


[Thu Oct 30 11:53:35 2025] Client: Unknown
Request: login|employee|Keyur|keypad1234
Response: Login successful.


[Thu Oct 30 12:01:21 2025] Client: Unknown
Request: login|employee|Keyur|keypad1234
Response: Login successful.


[Thu Oct 30 12:16:26 2025] Client: Unknown
Request: login|employee|Keyur|keypad1234
Response: Login successful.


[Thu Oct 30 12:39:16 2025] Client: Unknown
Request: login|employee|Keyur|keypad1234
Response: Login successful.


[Thu Oct 30 13:54:54 2025] Client: Unknown
Request: signup|employee|Emp1|emp1_1234|9879879879
Response: Signup successful. Your ID is E000001


[Thu Oct 30 13:55:48 2025] Client: Unknown
Request: login|employee|Emp1|emp1_1234
Response: Login successful.


[Thu Oct 30 14:30:40 2025] Client: Unknown
Request: login|employee|Emp1|emp1_1234
Response: Login successful.


[Thu Oct 30 15:00:42 2025] Client: Unknown
Request: login|employee|Emp1|emp1_1234
Response: Login successful.


[Thu Oct 30 15:01:34 2025] Client: Unknown
Request: login|employee|Emp1|emp1_1234
Response: Login successful.


[Thu Oct 30 15:02:39 2025] Client: Unknown
Request: login|employee|Emp1|emp1_1234
Response: Login successful.


[Thu Oct 30 15:05:08 2025] Client: Unknown
Request: login|employee|Emp1|emp1_1234
Response: Login successful.


[Thu Oct 30 15:05:55 2025] Client: Unknown
Request: login|employee|Emp1|emp1_1234
Response: Login successful.


[Thu Oct 30 15:06:29 2025] Client: Unknown
Request: login|employee|Emp1|emp1_1234
Response: Login successful.


[Thu Oct 30 15:07:45 2025] Client: Unknown
Request: login|employee|Emp1|emp1_1234
Response: Login successful.


[Thu Oct 30 15:10:21 2025] Client: Unknown
Request: login|employee|Emp1|emp1_1234
Response: Login successful.


[Thu Oct 30 15:17:06 2025] Client: Unknown
Request: login|employee|Emp1|emp1_1234
Response: Login successful.


[Thu Oct 30 15:24:13 2025] Client: Unknown
Request: login|employee|Emp1|emp1_1234
Response: Login successful.


[Thu Oct 30 15:29:31 2025] Client: Unknown
Request: login|employee|Emp1|emp1_1234
Response: Login successful.


[Thu Oct 30 19:12:37 2025] Client: Unknown
Request: login|employee|Emp1|emp1_1234
Response: Login successful.


[Thu Oct 30 19:13:26 2025] Client: Unknown
Request: login|employee|Emp1|emp1_1234
Response: Login successful.


[Thu Oct 30 19:17:19 2025] Client: Unknown
Request: login|employee|Emp1|emp1_1234
Response: Login successful.


[Thu Oct 30 19:23:23 2025] Client: Unknown
Request: login|employee|Emp1|emp1_1234
Response: Login successful.


[Thu Oct 30 20:06:55 2025] Client: Unknown
Request: login|employee|Emp1|emp1_1234
Response: Login successful.


[Thu Oct 30 20:11:46 2025] Client: Unknown
Request: login|employee|Emp1|emp1_1234
Response: Login successful.


[Thu Oct 30 20:29:31 2025] Client: Unknown
Request: login|employee|Emp1|emp1_1234
Response: Login successful.


[Thu Oct 30 20:35:56 2025] Client: Unknown
Request: login|employee|Emp1|emp1_1234
Response: Login successful.


[Thu Oct 30 20:38:07 2025] Client: Unknown
Request: login|employee|Emp1|emp1_1234
Response: Login successful.


[Thu Oct 30 20:45:07 2025] Client: Unknown
Request: login|employee|Emp1|emp1_1234
Response: Login successful.


[Thu Oct 30 20:50:05 2025] Client: Unknown
Request: login|employee|Emp1|emp1_1234
Response: Login successful.


[Thu Oct 30 20:50:47 2025] Client: Unknown
Request: login|employee|Emp1|emp1_1234
Response: Login successful.


[Thu Oct 30 21:06:36 2025] Client: Unknown
Request: login|employee|Emp1|emp1_1234
Response: Login successful.


[Thu Oct 30 21:13:31 2025] Client: Unknown
Request: login|employee|Emp1|emp1_1234
Response: Login successful.


[Thu Oct 30 21:14:14 2025] Client: Unknown
Request: login|employee|Emp1|emp1_1234
Response: Login successful.


[Thu Oct 30 21:17:53 2025] Client: Unknown
Request: login|employee|Emp1|emp1_1234
Response: Login successful.


[Thu Oct 30 21:24:15 2025] Client: Unknown
Request: login|employee|Emp1|emp1_1234
Response: Login successful.


[Thu Oct 30 21:25:08 2025] Client: Unknown
Request: login|employee|Emp1|emp1_1234
Response: Login successful.


[Thu Oct 30 21:47:02 2025] Client: Unknown
Request: login|employee|Emp1|emp1_1234
Response: Login successful.


[Thu Oct 30 21:47:56 2025] Client: Unknown
Request: login|employee|Emp1|emp1_1234
Response: Login successful.


[Fri Oct 31 10:48:09 2025] Client: Unknown
Request: login|admin|AdminUser|adminpass
Response: Login successful.

[Fri Oct 31 10:48:46 2025] Client: Unknown
Request: Add New Employee
Response: New employee added successfully.


[Fri Oct 31 10:52:47 2025] Client: Unknown
Request: login|admin|AdminUser|adminpass
Response: Login successful.

[Fri Oct 31 10:53:08 2025] Client: Unknown
Request: Add New Employee
Response: New employee added successfully.


[Fri Oct 31 10:53:49 2025] Client: Unknown
Request: Add New Employee
Response: New employee added successfully.


[Fri Oct 31 11:01:50 2025] Client: Unknown
Request: Logout
Response: Logging out...


[Fri Oct 31 11:02:19 2025] Client: Unknown
Request: login|admin|AdminUser|adminpass
Response: Login successful.

[Fri Oct 31 11:02:50 2025] Client: Unknown
Request: Add New Employee
Response: Username already exists.


[Fri Oct 31 11:03:22 2025] Client: Unknown
Request: Add New Employee
Response: New employee added successfully.


[Fri Oct 31 11:04:05 2025] Client: Unknown
Request: Add New Employee
Response: New employee added successfully.


[Fri Oct 31 11:04:44 2025] Client: Unknown
Request: Add New Employee
Response: New employee added successfully.


[Fri Oct 31 11:05:28 2025] Client: Unknown
Request: Add New Employee
Response: New employee added successfully.


[Fri Oct 31 11:13:03 2025] Client: Unknown
Request: Logout
Response: Logging out...


[Fri Oct 31 11:13:46 2025] Client: Unknown
Request: login|admin|AdminUser|adminpass
Response: Login successful.

[Fri Oct 31 11:14:08 2025] Client: Unknown
Request: Add New Employee
Response: New employee added successfully.


[Fri Oct 31 11:14:44 2025] Client: Unknown
Request: Add New Employee
Response: New employee added successfully.


[Fri Oct 31 11:52:43 2025] Client: Unknown
Request: Logout
Response: Logging out...


[Fri Oct 31 12:07:41 2025] Client: Unknown
Request: login|admin|AdminUser|adminpass
Response: Login successful.

[Fri Oct 31 12:08:03 2025] Client: Unknown
Request: Modify User Details
Response: Failed to update user details.


[Fri Oct 31 12:08:15 2025] Client: Unknown
Request: Logout
Response: Logging out...


[Fri Oct 31 12:15:08 2025] Client: Unknown
Request: login|admin|AdminUser|adminpass
Response: Login successful.

[Fri Oct 31 12:15:59 2025] Client: Unknown
Request: Modify User Details
Response: User details updated successfully.


[Fri Oct 31 12:17:03 2025] Client: Unknown
Request: Modify User Details
Response: Failed to update user details.


[Fri Oct 31 12:17:16 2025] Client: Unknown
Request: Logout
Response: Logging out...


[Fri Oct 31 12:21:16 2025] Client: Unknown
Request: login|admin|AdminUser|adminpass
Response: Login successful.

[Fri Oct 31 12:21:52 2025] Client: Unknown
Request: Modify User Details
Response: User details updated successfully.


[Fri Oct 31 12:25:37 2025] Client: Unknown
Request: Modify User Details
Response: User details updated successfully.


[Fri Oct 31 12:26:16 2025] Client: Unknown
Request: Modify User Details
Response: User details updated successfully.


[Fri Oct 31 12:26:24 2025] Client: Unknown
Request: Logout
Response: Logging out...


[Fri Oct 31 13:45:04 2025] Client: Unknown
Request: login|admin|AdminUser|adminpass
Response: Login successful.

[Fri Oct 31 13:45:27 2025] Client: Unknown
Request: Manage User Roles
Response: User role changed successfully.


[Fri Oct 31 13:51:12 2025] Client: Unknown
Request: Manage User Roles
Response: User role changed successfully.


[Fri Oct 31 13:51:42 2025] Client: Unknown
Request: Manage User Roles
Response: User role changed successfully.


[Fri Oct 31 13:53:59 2025] Client: Unknown
Request: Logout
Response: Logging out...


[Fri Oct 31 13:56:56 2025] Client: Unknown
Request: login|admin|AdminUser|adminpass
Response: Login successful.

[Fri Oct 31 13:57:19 2025] Client: Unknown
Request: Manage User Roles
Response: User role changed successfully.


[Fri Oct 31 13:57:25 2025] Client: Unknown
Request: Manage User Roles
Response: User role changed successfully.


[Fri Oct 31 13:58:00 2025] Client: Unknown
Request: Logout
Response: Logging out...


[Fri Oct 31 13:59:11 2025] Client: Unknown
Request: login|admin|AdminUser|adminpass
Response: Login successful.

[Fri Oct 31 13:59:20 2025] Client: Unknown
Request: Manage User Roles
Response: User role changed successfully.


[Fri Oct 31 13:59:44 2025] Client: Unknown
Request: Manage User Roles
Response: User role changed successfully.


[Fri Oct 31 14:01:10 2025] Client: Unknown
Request: Logout
Response: Logging out...


[Fri Oct 31 14:05:05 2025] Client: Unknown
Request: login|admin|AdminUser|adminpass
Response: Login successful.

[Fri Oct 31 14:05:18 2025] Client: Unknown
Request: Manage User Roles
Response: User role changed successfully.


[Fri Oct 31 14:05:44 2025] Client: Unknown
Request: Manage User Roles
Response: Cannot change roles now: active loans exist.


[Fri Oct 31 14:06:18 2025] Client: Unknown
Request: Manage User Roles
Response: User role changed successfully.


[Fri Oct 31 14:08:09 2025] Client: Unknown
Request: Manage User Roles
Response: User role changed successfully.


[Fri Oct 31 14:08:20 2025] Client: Unknown
Request: Manage User Roles
Response: User role changed successfully.


[Fri Oct 31 14:08:34 2025] Client: Unknown
Request: Manage User Roles
Response: User role changed successfully.


[Fri Oct 31 14:08:52 2025] Client: Unknown
Request: Logout
Response: Logging out...


[Fri Oct 31 14:19:40 2025] Client: Unknown
Request: login|admin|AdminUser|adminpass
Response: Login successful.

[Fri Oct 31 14:19:58 2025] Client: Unknown
Request: Admin Change Password
Response: Password changed successfully.


[Fri Oct 31 14:20:24 2025] Client: Unknown
Request: Logout
Response: Logging out...


[Fri Oct 31 15:08:31 2025] Client: Unknown
Request: login|manager|Man1|man1_1234
Response: Login successful.

[Fri Oct 31 15:09:01 2025] Client: Unknown
Request: Activate/Deactivate Customer
Response: Customer account status updated successfully.


[Fri Oct 31 15:09:04 2025] Client: Unknown
Request: Logout
Response: Logging out...


[Fri Oct 31 15:13:59 2025] Client: Unknown
Request: login|manager|Man1|man1_1234
Response: Login successful.

[Fri Oct 31 15:16:50 2025] Client: Unknown
Request: login|manager|Man1|man1_1234
Response: Login successful.

[Fri Oct 31 15:21:59 2025] Client: Unknown
Request: login|manager|Man1|man1_1234
Response: Login successful.

[Fri Oct 31 15:22:33 2025] Client: Unknown
Request: Activate/Deactivate Customer
Response: Customer account status updated successfully.


[Fri Oct 31 15:22:52 2025] Client: Unknown
Request: Activate/Deactivate Customer
Response: Customer account status updated successfully.


[Fri Oct 31 15:24:37 2025] Client: Unknown
Request: login|manager|Man1|man1_1234
Response: Login successful.

[Fri Oct 31 15:25:00 2025] Client: Unknown
Request: Activate/Deactivate Customer
Response: Customer account status updated successfully.


[Fri Oct 31 15:25:27 2025] Client: Unknown
Request: Activate/Deactivate Customer
Response: Customer account status updated successfully.


[Fri Oct 31 15:25:37 2025] Client: Unknown
Request: Logout
Response: Logging out...


[Fri Oct 31 16:03:46 2025] Client: Unknown
Request: login|manager|Man1|man1_1234
Response: Login successful.

[Fri Oct 31 16:08:20 2025] Client: Unknown
Request: login|manager|Man1|man1_1234
Response: Login successful.

[Fri Oct 31 16:12:14 2025] Client: Unknown
Request: login|manager|Man1|man1_1234
Response: Login successful.

[Fri Oct 31 16:18:10 2025] Client: Unknown
Request: login|manager|Man1|man1_1234
Response: Login successful.

[Fri Oct 31 16:20:10 2025] Client: Unknown
Request: login|manager|Man1|man1_1234
Response: Login successful.

[Fri Oct 31 16:22:56 2025] Client: Unknown
Request: login|manager|Man1|man1_1234
Response: Login successful.

[Fri Oct 31 16:24:15 2025] Client: Unknown
Request: login|manager|Man1|man1_1234
Response: Login successful.

[Fri Oct 31 16:24:27 2025] Client: Unknown
Request: Logout
Response: Logging out...


[Fri Oct 31 16:37:16 2025] Client: Unknown
Request: login|manager|Man1|man1_1234
Response: Login successful.

[Fri Oct 31 16:37:27 2025] Client: Unknown
Request: Change Password
Response: Password changed successfully.

[Fri Oct 31 16:38:41 2025] Client: Unknown
Request: login|manager|Man1|man1_2323
Response: Login successful.

[Fri Oct 31 16:38:48 2025] Client: Unknown
Request: Change Password
Response: Password changed successfully.

[Fri Oct 31 16:42:54 2025] Client: Unknown
Request: login|manager|Man1|man1_1111
Response: Login successful.

[Fri Oct 31 16:43:01 2025] Client: Unknown
Request: Change Password
Response: Password changed successfully.

[Fri Oct 31 16:52:01 2025] Client: Unknown
Request: login|manager|Man1|man1_2222
Response: Login successful.

[Fri Oct 31 16:52:26 2025] Client: Unknown
Request: Manager Change Password
Response: Password changed successfully.


[Fri Oct 31 16:52:42 2025] Client: Unknown
Request: Manager Change Password
Response: Password changed successfully.


[Fri Oct 31 17:23:51 2025] Client: Unknown
Request: login|employee|Emp1|emp1_3333
Response: Login successful.


[Fri Oct 31 17:37:44 2025] Client: Unknown
Request: login|employee|Emp1|emp1_3333
Response: Login successful.


[Fri Oct 31 17:59:41 2025] Client: Unknown
Request: login|employee|Emp1|emp1_3333
Response: Login successful.


[Fri Oct 31 18:04:29 2025] Client: Unknown
Request: login|employee|Emp1|emp1_3333
Response: Login successful.


[Fri Oct 31 18:07:06 2025] Client: Unknown
Request: login|employee|Emp1|emp1_1234
Response: Login failed.


[Fri Oct 31 18:08:27 2025] Client: Unknown
Request: login|employee|Emp1|emp1_3333
Response: Login successful.


[Fri Oct 31 18:09:38 2025] Client: Unknown
Request: login|employee|Emp1|emp1_3333
Response: Login successful.


[Fri Oct 31 18:16:24 2025] Client: Unknown
Request: login|employee|Emp1|emp1_3333
Response: Login successful.


[Fri Oct 31 18:17:02 2025] Client: Unknown
Request: Modify User Details
Response: User details updated successfully.


[Fri Oct 31 18:20:26 2025] Client: Unknown
Request: login|employee|Emp1|emp1_3333
Response: Login successful.


[Fri Oct 31 18:20:55 2025] Client: Unknown
Request: Modify User Details
Response: User details updated successfully.


[Fri Oct 31 18:31:31 2025] Client: Unknown
Request: login|employee|Emp1|emp1_3333
Response: Login successful.


[Fri Oct 31 18:32:58 2025] Client: Unknown
Request: login|employee|Emp1|emp1_3333
Response: Login successful.


[Fri Oct 31 18:36:43 2025] Client: Unknown
Request: login|employee|Emp1|emp1_3333
Response: Login successful.


[Fri Oct 31 18:37:40 2025] Client: Unknown
Request: login|employee|Emp1|emp1_3333
Response: Login successful.


[Fri Oct 31 18:42:12 2025] Client: Unknown
Request: login|employee|Emp1|emp1_3333
Response: Login successful.


[Fri Oct 31 18:44:05 2025] Client: Unknown
Request: login|employee|Emp1|emp1_3333
Response: Login successful.


[Fri Oct 31 18:50:55 2025] Client: Unknown
Request: login|employee|Emp1|emp1_3333
Response: Login successful.


[Fri Oct 31 18:52:11 2025] Client: Unknown
Request: login|manager|Man1|man1_1000
Response: Login successful.

[Fri Oct 31 18:52:52 2025] Client: Unknown
Request: login|manager|Man1|man1_1000
Response: Login successful.

[Fri Oct 31 19:04:39 2025] Client: Unknown
Request: login|employee|Emp1|emp1_3333
Response: Login successful.


[Fri Oct 31 19:06:20 2025] Client: Unknown
Request: login|employee|Emp1|emp1_3333
Response: Login successful.


[Fri Oct 31 19:24:04 2025] Client: Unknown
Request: login|employee|Emp1|emp1_1234
Response: Login failed.


[Fri Oct 31 19:25:11 2025] Client: Unknown
Request: login|employee|Emp1|emp1_3333
Response: Login successful.


[Fri Oct 31 19:30:48 2025] Client: Unknown
Request: login|employee|Emp1|emp1_3333
Response: Login successful.


[Fri Oct 31 19:37:47 2025] Client: Unknown
Request: login|employee|Emp1|emp1_3333
Response: Login successful.


[Fri Oct 31 19:54:10 2025] Client: Unknown
Request: login|customer|cust1|cust1_1234
Response: Login successful.


[Fri Oct 31 19:54:12 2025] Client: Unknown
Request: View Account Balance
Response: Your account balance is: 0.00


[Fri Oct 31 19:56:32 2025] Client: Unknown
Request: login|customer|cust1|cust1_1234
Response: Login successful.


[Fri Oct 31 19:56:40 2025] Client: Unknown
Request: Deposit Money
Response: Deposit successful.


[Fri Oct 31 19:56:42 2025] Client: Unknown
Request: View Account Balance
Response: Your account balance is: 500.00


[Fri Oct 31 21:17:55 2025] Client: Unknown
Request: login|admin|AdminUser|passadmin
Response: Login successful.

[Fri Oct 31 21:19:23 2025] Client: Unknown
Request: login|customer|cust1|cust1_1234
Response: Login successful.


[Fri Oct 31 21:20:12 2025] Client: Unknown
Request: login|admin|AdminUser|passadmin
Response: Login successful.

[Thu Nov  6 10:05:18 2025] Client: Unknown
Request: login|customer|cust4|cust4_1111
Response: Login failed.


[Thu Nov  6 10:06:52 2025] Client: Unknown
Request: login|customer|cust1|cust1_1234
Response: Login successful.


[Thu Nov  6 10:07:03 2025] Client: Unknown
Request: View Account Balance
Response: Your account balance is: 500.00


[Thu Nov  6 10:07:10 2025] Client: Unknown
Request: Deposit Money
Response: Deposit successful.


[Thu Nov  6 10:07:12 2025] Client: Unknown
Request: View Account Balance
Response: Your account balance is: 1000.00


[Thu Nov  6 10:07:19 2025] Client: Unknown
Request: Withdraw Money
Response: Withdrawal successful.


[Thu Nov  6 10:07:22 2025] Client: Unknown
Request: View Account Balance
Response: Your account balance is: 300.00


[Thu Nov  6 10:17:30 2025] Client: Unknown
Request: login|customer|cust1|cust1_1234
Response: Login successful.


[Thu Nov  6 10:17:39 2025] Client: Unknown
Request: View Account Balance
Response: Your account balance is: 300.00


[Thu Nov  6 10:17:47 2025] Client: Unknown
Request: Deposit Money
Response: Deposit successful.


[Thu Nov  6 10:18:12 2025] Client: Unknown
Request: Deposit Money
Response: Deposit successful.


[Thu Nov  6 10:18:35 2025] Client: Unknown
Request: Withdraw Money
Response: Withdrawal successful.


[Thu Nov  6 10:22:55 2025] Client: Unknown
Request: login|customer|cust1|cust1_1234
Response: Login successful.


[Fri Nov  7 18:51:07 2025] Client: Unknown
Request: login|customer|cust1|cust1_1234
Response: Login successful.


[Fri Nov  7 18:52:03 2025] Client: Unknown
Request: View Account Balance
Response: Your account balance is: 500.00


[Fri Nov  7 18:57:11 2025] Client: Unknown
Request: login|customer|cust1|cust1_1234
Response: Login successful.


[Fri Nov  7 18:57:15 2025] Client: Unknown
Request: View Account Balance
Response: Your account balance is: 500.00


[Fri Nov  7 18:57:23 2025] Client: Unknown
Request: View Account Balance
Response: Your account balance is: 500.00


[Fri Nov  7 18:57:30 2025] Client: Unknown
Request: Deposit Money
Response: Deposit successful.


[Fri Nov  7 18:57:38 2025] Client: Unknown
Request: Withdraw Money
Response: Withdrawal successful.


[Fri Nov  7 19:00:23 2025] Client: Unknown
Request: login|customer|cust2|cust2_4321
Response: Login successful.


[Fri Nov  7 19:00:55 2025] Client: Unknown
Request: View Account Balance
Response: Your account balance is: 0.00


[Fri Nov  7 19:01:49 2025] Client: Unknown
Request: Deposit Money
Response: Deposit successful.


[Fri Nov  7 19:10:18 2025] Client: Unknown
Request: login|customer|cust5|cust5_5555
Response: Login successful.


[Fri Nov  7 19:10:26 2025] Client: Unknown
Request: View Account Balance
Response: Your account balance is: 0.00


[Fri Nov  7 19:10:33 2025] Client: Unknown
Request: Deposit Money
Response: Deposit successful.


[Fri Nov  7 19:10:43 2025] Client: Unknown
Request: Deposit Money
Response: Deposit successful.


[Fri Nov  7 19:10:53 2025] Client: Unknown
Request: Withdraw Money
Response: Withdrawal successful.


[Fri Nov  7 19:17:09 2025] Client: Unknown
Request: login|customer|cust5|cust5_5555
Response: Login successful.


[Fri Nov  7 19:17:27 2025] Client: Unknown
Request: Deposit Money
Response: Deposit successful.


[Fri Nov  7 19:18:18 2025] Client: Unknown
Request: Withdraw Money
Response: Withdrawal successful.


[Fri Nov  7 19:20:38 2025] Client: Unknown
Request: Transfer Funds
Response: Transfer successful.


[Fri Nov  7 19:21:24 2025] Client: Unknown
Request: Transfer Funds
Response: Transfer successful.


[Fri Nov  7 19:49:59 2025] Client: Unknown
Request: login|customer|cust1|cust1_1234
Response: Login successful.


[Fri Nov  7 19:51:28 2025] Client: Unknown
Request: Transfer Funds
Response: Transfer successful.


[Fri Nov  7 20:09:50 2025] Client: Unknown
Request: login|customer|cust1|cust1_1234
Response: Login successful.


[Fri Nov  7 20:10:39 2025] Client: Unknown
Request: Transfer Funds
Response: Transfer successful.


[Fri Nov  7 20:12:45 2025] Client: Unknown
Request: Transfer Funds
Response: Transfer successful.


[Fri Nov  7 20:16:49 2025] Client: Unknown
Request: login|customer|cust1|cust1_1234
Response: Login successful.


[Fri Nov  7 20:17:05 2025] Client: Unknown
Request: Transfer Funds
Response: Transfer successful.


[Fri Nov  7 20:28:09 2025] Client: Unknown
Request: login|customer|cust1|cust1_1234
Response: Login successful.


[Fri Nov  7 20:28:18 2025] Client: Unknown
Request: Apply for Loan
Response: Loan application submitted.


[Fri Nov  7 20:32:48 2025] Client: Unknown
Request: login|customer|cust1|cust1_1234
Response: Login successful.


[Fri Nov  7 20:32:57 2025] Client: Unknown
Request: Apply for Loan
Response: Loan application submitted.


[Fri Nov  7 20:33:44 2025] Client: Unknown
Request: Add Feedback
Response: Thank you for your feedback.


[Fri Nov  7 20:35:34 2025] Client: Unknown
Request: Change Password
Response: Password changed successfully.


[Fri Nov  7 20:35:43 2025] Client: Unknown
Request: Change Password
Response: Password changed successfully.


[Fri Nov  7 20:54:07 2025] Client: Unknown
Request: login|customer|cust1|cust1_1234
Response: Login successful.


[Fri Nov  7 20:54:09 2025] Client: Unknown
Request: View Transaction History
Response: History sent

[Fri Nov  7 20:54:13 2025] Client: Unknown
Request: View Account Balance
Response: Your account balance is: 400.00


[Fri Nov  7 20:54:36 2025] Client: Unknown
Request: View Transaction History
Response: History sent

[Fri Nov  7 20:54:37 2025] Client: Unknown
Request: View Transaction History
Response: History sent

[Fri Nov  7 20:54:38 2025] Client: Unknown
Request: View Transaction History
Response: History sent

[Fri Nov  7 20:54:47 2025] Client: Unknown
Request: Deposit Money
Response: Deposit successful.


[Fri Nov  7 20:54:54 2025] Client: Unknown
Request: Withdraw Money
Response: Withdrawal successful.


[Fri Nov  7 20:54:56 2025] Client: Unknown
Request: View Transaction History
Response: History sent

[Fri Nov  7 20:54:59 2025] Client: Unknown
Request: View Transaction History
Response: History sent

[Fri Nov  7 21:07:17 2025] Client: Unknown
Request: login|customer|cust1|cust1_1234
Response: Login successful.


[Fri Nov  7 21:07:34 2025] Client: Unknown
Request: login|customer|cust1|cust1_1111
Response: Login failed.


[Fri Nov  7 21:20:06 2025] Client: Unknown
Request: login|customer|cust1|cust1_1111
Response: Login failed.


[Fri Nov  7 21:26:13 2025] Client: Unknown
Request: login|customer|cust1|cust1_1111
Response: Login failed.


[Fri Nov  7 21:31:21 2025] Client: Unknown
Request: login|customer|cust1|cust1_1111
Response: Login failed.


[Fri Nov  7 21:32:41 2025] Client: Unknown
Request: login|customer|cust1|cust1_1234
Response: Login successful.


[Fri Nov  7 21:32:43 2025] Client: Unknown
Request: View Account Balance
Response: Your account balance is: 400.00


[Fri Nov  7 21:32:46 2025] Client: Unknown
Request: View Transaction History
Response: History sent

[Fri Nov  7 21:32:46 2025] Client: Unknown
Request: View Transaction History
Response: History sent

[Fri Nov  7 21:32:47 2025] Client: Unknown
Request: View Transaction History
Response: History sent

[Fri Nov  7 21:32:52 2025] Client: Unknown
Request: View Account Balance
Response: Your account balance is: 400.00


[Fri Nov  7 21:33:16 2025] Client: Unknown
Request: login|customer|cust1|cust1_1234
Response: Login successful.


[Fri Nov  7 21:33:22 2025] Client: Unknown
Request: View Transaction History
Response: History sent

[Fri Nov  7 21:43:48 2025] Client: Unknown
Request: login|customer|cust1|cust1_1111
Response: Login failed.


[Fri Nov  7 21:54:57 2025] Client: Unknown
Request: login|customer|cust1|cust1_1111
Response: Login failed.


[Fri Nov  7 21:56:20 2025] Client: Unknown
Request: login|customer|cust1|cust1_1111
Response: Login failed.


[Fri Nov  7 21:57:19 2025] Client: Unknown
Request: login|customer|cust1|cust1_1111
Response: Login failed.


[Fri Nov  7 21:59:58 2025] Client: Unknown
Request: login|customer|cust1|cust1_1111
Response: Login failed.


[Fri Nov  7 22:01:12 2025] Client: Unknown
Request: login|customer|cust1|cust1_1111
Response: Login failed.


[Fri Nov  7 22:08:06 2025] Client: Unknown
Request: login|customer|cust1|cust1_1111
Response: Login failed.


[Fri Nov  7 23:27:16 2025] Client: Unknown
Request: login|employee|Emp1|emp1_3333
Response: Login successful.


[Fri Nov  7 23:29:20 2025] Client: Unknown
Request: login|employee|emp1|emp1_3333
Response: Login failed.


[Fri Nov  7 23:30:12 2025] Client: Unknown
Request: login|employee|Emp1|emp1_3333
Response: Login successful.


[Fri Nov  7 23:30:37 2025] Client: Unknown
Request: login|employee|Emp1|emp1_3333
Response: Login successful.


[Fri Nov  7 23:33:49 2025] Client: Unknown
Request: login|employee|Emp1|emp1_3333
Response: Login successful.


[Fri Nov  7 23:43:35 2025] Client: Unknown
Request: login|employee|Emp1|emp1_3333
Response: Login successful.


[Fri Nov  7 23:53:31 2025] Client: Unknown
Request: login|employee|Emp1|emp1_3333
Response: Login successful.


[Sat Nov  8 00:23:57 2025] Client: Unknown
Request: login|employee|Emp1|emp1_3333
Response: Login successful.


[Sat Nov  8 00:41:26 2025] Client: Unknown
Request: login|employee|Emp1|emp1_3333
Response: Login successful.


[Sat Nov  8 00:53:11 2025] Client: Unknown
Request: login|employee|Emp1|emp1_3333
Response: Login successful.


[Sat Nov  8 00:58:44 2025] Client: Unknown
Request: login|employee|Emp1|emp1_3333
Response: Login successful.


[Sat Nov  8 00:59:35 2025] Client: Unknown
Request: Modify User Details
Response: User details updated successfully.


[Sat Nov  8 01:04:43 2025] Client: Unknown
Request: login|employee|Emp1|emp1_3333
Response: Login successful.


[Sat Nov  8 01:05:36 2025] Client: Unknown
Request: Modify User Details
Response: User details updated successfully.


[Sat Nov  8 01:06:01 2025] Client: Unknown
Request: Modify User Details
Response: User details updated successfully.


[Sat Nov  8 01:22:41 2025] Client: Unknown
Request: login|employee|Emp1|emp1_3333
Response: Login successful.


[Sat Nov  8 01:28:05 2025] Client: Unknown
Request: login|employee|Emp1|emp1_3333
Response: Login successful.


[Sat Nov  8 01:29:10 2025] Client: Unknown
Request: login|employee|Emp1|emp1_3333
Response: Login successful.


[Sat Nov  8 01:33:17 2025] Client: Unknown
Request: login|employee|Emp1|emp1_3333
Response: Login successful.


[Sat Nov  8 01:37:25 2025] Client: Unknown
Request: login|employee|Emp1|emp1_3333
Response: Login successful.


[Sat Nov  8 01:44:16 2025] Client: Unknown
Request: login|employee|Emp1|emp1_3333
Response: Login successful.


[Sat Nov  8 01:48:31 2025] Client: Unknown
Request: login|employee|Emp1|emp1_3333
Response: Login successful.


[Sat Nov  8 09:16:35 2025] Client: Unknown
Request: login|customer|cust1|cust1_1234
Response: Login successful.


[Sat Nov  8 09:16:44 2025] Client: Unknown
Request: View Account Balance
Response: Your account balance is: 400.00


[Sat Nov  8 09:16:51 2025] Client: Unknown
Request: View Transaction History
Response: History sent

[Sat Nov  8 09:16:55 2025] Client: Unknown
Request: View Transaction History
Response: History sent

[Sat Nov  8 09:20:31 2025] Client: Unknown
Request: login|employee|Emp1|emp1_3333
Response: Login successful.


[Sat Nov  8 09:29:42 2025] Client: Unknown
Request: login|employee|Emp1|emp1_3333
Response: Login successful.


[Sat Nov  8 09:31:09 2025] Client: Unknown
Request: login|employee|Emp1|emp1_3333
Response: Login successful.


[Sat Nov  8 09:46:22 2025] Client: Unknown
Request: login|employee|Emp1|emp1_3333
Response: Login successful.


[Sat Nov  8 10:01:08 2025] Client: Unknown
Request: login|employee|Emp1|emp1_3333
Response: Login successful.


[Sat Nov  8 10:04:16 2025] Client: Unknown
Request: login|employee|Emp1|emp1_3333
Response: Login successful.


[Sat Nov  8 10:05:30 2025] Client: Unknown
Request: login|employee|Emp1|emp1_3333
Response: Login successful.


[Sat Nov  8 10:06:05 2025] Client: Unknown
Request: login|employee|Emp1|emp1_3333
Response: Login successful.


[Sat Nov  8 10:07:52 2025] Client: Unknown
Request: login|employee|Emp1|emp1_3333
Response: Login successful.


[Sat Nov  8 10:10:48 2025] Client: Unknown
Request: login|employee|Emp1|emp1_3333
Response: Login successful.


[Sat Nov  8 10:25:43 2025] Client: Unknown
Request: login|employee|Emp1|emp1_3333
Response: Login successful.


[Sat Nov  8 10:26:01 2025] Client: Unknown
Request: Reject Loan
Response: Loan rejected successfully.


[Sat Nov  8 10:26:53 2025] Client: Unknown
Request: login|employee|Emp1|emp1_3333
Response: Login successful.


[Sat Nov  8 10:27:39 2025] Client: Unknown
Request: login|employee|Emp1|emp1_3333
Response: Login successful.


[Sat Nov  8 10:33:00 2025] Client: Unknown
Request: login|employee|Emp1|emp1_3333
Response: Login successful.


[Sat Nov  8 10:34:19 2025] Client: Unknown
Request: login|employee|Emp1|emp1_3333
Response: Login successful.


[Sat Nov  8 10:35:26 2025] Client: Unknown
Request: login|employee|Emp1|emp1_3333
Response: Login successful.


[Sat Nov  8 10:36:44 2025] Client: Unknown
Request: login|employee|Emp1|emp1_3333
Response: Login successful.


[Sat Nov  8 10:41:33 2025] Client: Unknown
Request: login|employee|Emp1|emp1_3333
Response: Login successful.


[Sat Nov  8 10:44:03 2025] Client: Unknown
Request: login|employee|Emp1|emp1_3333
Response: Login successful.


[Sat Nov  8 10:45:39 2025] Client: Unknown
Request: login|employee|Emp1|emp1_3333
Response: Login successful.


[Sat Nov  8 10:48:24 2025] Client: Unknown
Request: Reject Loan
Response: Loan rejected successfully.


[Sat Nov  8 10:54:13 2025] Client: Unknown
Request: login|employee|Emp1|emp1_3333
Response: Login successful.


[Sat Nov  8 10:55:41 2025] Client: Unknown
Request: login|employee|Emp1|emp1_3333
Response: Login successful.


[Sat Nov  8 11:01:46 2025] Client: Unknown
Request: login|employee|Emp1|emp1_3333
Response: Login successful.


[Sat Nov  8 11:03:48 2025] Client: Unknown
Request: login|employee|Emp1|emp1_3333
Response: Login successful.


[Sat Nov  8 11:05:31 2025] Client: Unknown
Request: login|employee|Emp1|emp1_3333
Response: Login successful.


[Sat Nov  8 11:05:54 2025] Client: Unknown
Request: Reject Loan
Response: Loan rejected successfully.


[Sat Nov  8 11:07:26 2025] Client: Unknown
Request: login|employee|Emp1|emp1_3333
Response: Login successful.


[Sat Nov  8 11:07:46 2025] Client: Unknown
Request: Reject Loan
Response: Loan already approved, cannot reject.


[Sat Nov  8 11:15:32 2025] Client: Unknown
Request: login|employee|Emp1|emp1_3333
Response: Login successful.


[Sat Nov  8 11:15:46 2025] Client: Unknown
Request: Reject Loan
Response: Loan already approved, cannot reject.


[Sat Nov  8 11:16:52 2025] Client: Unknown
Request: Modify User Details
Response: User details updated successfully.


[Sat Nov  8 11:35:53 2025] Client: Unknown
Request: login|employee|Emp1|emp1_3333
Response: Login successful.


[Sat Nov  8 11:37:08 2025] Client: Unknown
Request: login|employee|Emp1|emp1_3333
Response: Login successful.


[Sat Nov  8 11:37:25 2025] Client: Unknown
Request: Approve Loan
Response: Loan approved successfully.


[Sat Nov  8 11:39:35 2025] Client: Unknown
Request: login|employee|Emp1|emp1_3333
Response: Login successful.


[Sat Nov  8 11:40:47 2025] Client: Unknown
Request: Approve Loan
Response: Loan approved successfully.


[Sat Nov  8 11:49:23 2025] Client: Unknown
Request: login|employee|Emp1|emp1_3333
Response: Login successful.


[Sat Nov  8 11:49:37 2025] Client: Unknown
Request: View Customer Transactions
Response: History sent

[Sat Nov  8 11:50:10 2025] Client: Unknown
Request: View Customer Transactions
Response: History sent

[Sat Nov  8 11:53:01 2025] Client: Unknown
Request: login|employee|Emp1|emp1_3333
Response: Login successful.


[Sat Nov  8 11:58:14 2025] Client: Unknown
Request: login|employee|Emp1|emp1_3333
Response: Login successful.


[Sat Nov  8 11:59:46 2025] Client: Unknown
Request: login|employee|Emp1|emp1_3333
Response: Login successful.


[Sat Nov  8 12:09:02 2025] Client: Unknown
Request: login|employee|Emp1|emp1_3333
Response: Login successful.


[Sat Nov  8 12:09:10 2025] Client: Unknown
Request: Change Password
Response: Password changed successfully.


[Sat Nov  8 12:10:10 2025] Client: Unknown
Request: login|manager|Man1|man1_1000
Response: Login successful.

[Sat Nov  8 12:10:49 2025] Client: Unknown
Request: Activate/Deactivate Customer
Response: Customer account status updated successfully.


[Sat Nov  8 12:11:03 2025] Client: Unknown
Request: Activate/Deactivate Customer
Response: Customer account status updated successfully.


[Sat Nov  8 12:15:00 2025] Client: Unknown
Request: login|manager|Man1|man1_1000
Response: Login successful.

[Sat Nov  8 12:31:56 2025] Client: Unknown
Request: login|manager|Man1|man1_1000
Response: Login successful.

[Sat Nov  8 12:33:38 2025] Client: Unknown
Request: login|manager|Man1|man1_1000
Response: Login successful.

[Sat Nov  8 12:36:06 2025] Client: Unknown
Request: login|manager|Man1|man1_1000
Response: Login successful.

[Sat Nov  8 12:37:12 2025] Client: Unknown
Request: login|manager|Man1|man1_1001
Response: Login failed.


[Sat Nov  8 12:37:28 2025] Client: Unknown
Request: login|manager|Man1|man1_1000
Response: Login successful.

[Sat Nov  8 12:46:17 2025] Client: Unknown
Request: login|manager|Man1|man1_1000
Response: Login successful.

[Sat Nov  8 12:46:55 2025] Client: Unknown
Request: Manager Change Password
Response: Password changed successfully.


[Sat Nov  8 12:51:15 2025] Client: Unknown
Request: login|manager|Man1|man1_1234
Response: Login successful.

[Sat Nov  8 16:30:14 2025] Client: Unknown
Request: login|admin|AdminUser|passadmin
Response: Login successful.

[Sat Nov  8 16:30:50 2025] Client: Unknown
Request: Add New Employee
Response: New employee added successfully.


[Sat Nov  8 16:31:33 2025] Client: Unknown
Request: Manage User Roles
Response: User not found.


[Sat Nov  8 16:33:57 2025] Client: Unknown
Request: login|admin|AdminUser|passadmin
Response: Login successful.

[Sat Nov  8 16:34:49 2025] Client: Unknown
Request: Manage User Roles
Response: User not found.


[Sat Nov  8 16:36:12 2025] Client: Unknown
Request: login|customer|cust1|cust1_1234
Response: Login successful.


[Sat Nov  8 16:36:13 2025] Client: Unknown
Request: View Account Balance
Response: Your account balance is: 600.00


[Sat Nov  8 16:36:24 2025] Client: Unknown
Request: Deposit Money
Response: Deposit successful.


[Sat Nov  8 16:36:27 2025] Client: Unknown
Request: View Account Balance
Response: Your account balance is: 750.00


[Sat Nov  8 16:36:32 2025] Client: Unknown
Request: Withdraw Money
Response: Withdrawal successful.


[Sat Nov  8 16:36:37 2025] Client: Unknown
Request: View Transaction History
Response: History sent

[Sat Nov  8 16:38:06 2025] Client: Unknown
Request: login|employee|Emp1|emp1_1234
Response: Login successful.


[Sat Nov  8 16:39:01 2025] Client: Unknown
Request: login|employee|Emp1|emp1_1234
Response: Login successful.


[Sat Nov  8 16:40:05 2025] Client: Unknown
Request: login|employee|Emp1|emp1_1234
Response: Login successful.


[Sat Nov  8 16:40:16 2025] Client: Unknown
Request: View Customer Transactions
Response: History sent

[Sat Nov  8 16:40:30 2025] Client: Unknown
Request: View Customer Transactions
Response: History sent

[Sat Nov  8 17:37:22 2025] Client: Unknown
Request: login|admin|AdminUser|passadmin
Response: Login successful.

[Sat Nov  8 17:37:35 2025] Client: Unknown
Request: Manage User Roles
Response: Cannot change roles now: active loans exist.


